KCPSM6 Assembler log file for program 'I:\VLSI\group\practical_1_v3\code.psm'.
Generated by KCPSM6 version v2.31
Ken Chapman - Xilinx Ltd - 9th August 2012

Assembly datestamp: 17 Feb 2023
Assembly timestamp: 08:14:34

Contents
  Assembly listing
  List of PSM files
  List of CONSTANTs
  List of TABLEs
  List of STRINGs
  List of line labels
  Instruction usage statistics


Last occupied address: 026 hex
Nominal program memory size: 1K (1024)   address(9:0)
Actual memory size: 4096
  (Default memory size)
Occupied memory locations: 39
Memory locations available: 4057


Assembly listing

 Addr Code               Instruction

 000            turn_on: 
 000  01401              LOAD s4, 01
 001  2D400              OUTPUT s4, 00
 002  22000              JUMP 000[turn_on]
 003  010FA              LOAD s0, FA
 004          on_loop_0: 
 004  0D000              TEST s0, 00
 005  36014              JUMP NZ, 014[turn_off]
 006  19001              SUB s0, 01
 007  011FA              LOAD s1, FA
 008          on_loop_1: 
 008  0D100              TEST s1, 00
 009  36004              JUMP NZ, 004[on_loop_0]
 00A  19101              SUB s1, 01
 00B  01284              LOAD s2, 84
 00C          on_loop_2: 
 00C  0D200              TEST s2, 00
 00D  36008              JUMP NZ, 008[on_loop_1]
 00E  19201              SUB s2, 01
 00F  01306              LOAD s3, 06
 010          on_loop_3: 
 010  0D300              TEST s3, 00
 011  3600C              JUMP NZ, 00C[on_loop_2]
 012  19301              SUB s3, 01
 013  22010              JUMP 010[on_loop_3]
 014           turn_off: 
 014  01401              LOAD s4, 01
 015  2D400              OUTPUT s4, 00
 016  010FA              LOAD s0, FA
 017         off_loop_0: 
 017  0D000              TEST s0, 00
 018  36000              JUMP NZ, 000[turn_on]
 019  19001              SUB s0, 01
 01A  011FA              LOAD s1, FA
 01B         off_loop_1: 
 01B  0D100              TEST s1, 00
 01C  36017              JUMP NZ, 017[off_loop_0]
 01D  19101              SUB s1, 01
 01E  01284              LOAD s2, 84
 01F         off_loop_2: 
 01F  0D200              TEST s2, 00
 020  3601B              JUMP NZ, 01B[off_loop_1]
 021  19201              SUB s2, 01
 022  01302              LOAD s3, 02
 023         off_loop_3: 
 023  0D300              TEST s3, 00
 024  3601F              JUMP NZ, 01F[off_loop_2]
 025  19301              SUB s3, 01
 026  22023              JUMP 023[off_loop_3]



List of PSM files that have been assembled

I:\VLSI\group\practical_1_v3\code.psm



List of defined constants

 CONSTANT name     Value        Source PSM File

 timestamp_hours   08'd         
 timestamp_minutes 14'd         
 timestamp_seconds 34'd         
 datestamp_year    23'd         
 datestamp_month   2'd          
 datestamp_day     17'd         



No TABLEs defined



List of text strings

 STRING name       String         Source PSM File

 KCPSM6_version$   "v2.31"        
 datestamp$        "17 Feb 2023"  
 timestamp$        "08:14:34"     



List of line labels

 Label        Addr  Source PSM File

 turn_on      000   code.psm
 on_loop_0    004   code.psm
 on_loop_1    008   code.psm
 on_loop_2    00C   code.psm
 on_loop_3    010   code.psm
 turn_off     014   code.psm
 off_loop_0   017   code.psm
 off_loop_1   01B   code.psm
 off_loop_2   01F   code.psm
 off_loop_3   023   code.psm



Instruction usage statistics

 Instruction    Instances

 LOAD             10
 STAR              -

 AND               -
 OR                -
 XOR               -

 ADD               -
 ADDCY             -
 SUB               8
 SUBCY             -

 TEST              8
 TESTCY            -
 COMPARE           -
 COMPARECY         -

 SL0               -
 SL1               -
 SLX               -
 SLA               -
 RL                -
 SR0               -
 SR1               -
 SRX               -
 SRA               -
 RR                -

 REGBANK           -

 INPUT             -
 OUTPUT            2
 OUTPUTK           -

 STORE             -
 FETCH             -

 DISABLE           -
 ENABLE            -
 RETURNI           -

 JUMP             11
 JUMP@             -
 CALL              -
 CALL@             -
 RETURN            -
 LOAD&RETURN       -

 HWBUILD           -



End of KCPSM6 log file.
