KCPSM6 Assembler log file for program 'O:\KCPSM6_Release5_30Sept12\code.psm'.
Generated by KCPSM6 version v2.31
Ken Chapman - Xilinx Ltd - 9th August 2012

Assembly datestamp: 10 Feb 2023
Assembly timestamp: 09:53:11

Contents
  Assembly listing
  List of PSM files
  List of CONSTANTs
  List of TABLEs
  List of STRINGs
  List of line labels
  Instruction usage statistics


Last occupied address: 01D hex
Nominal program memory size: 1K (1024)   address(9:0)
Actual memory size: 4096
  (Default memory size)
Occupied memory locations: 30
Memory locations available: 4066


Assembly listing

 Addr Code               Instruction

 000               main: 
 000            turn_on: 
 000  01401              LOAD s4, 01
 001  2D401              OUTPUT s4, 01
 002  010FA              LOAD s0, FA
 003          on_loop_0: 
 003  19001              SUB s0, 01
 004  3200F              JUMP Z, 00F[turn_off]
 005  011FA              LOAD s1, FA
 006          on_loop_1: 
 006  19101              SUB s1, 01
 007  32003              JUMP Z, 003[on_loop_0]
 008  01284              LOAD s2, 84
 009          on_loop_2: 
 009  19201              SUB s2, 01
 00A  32006              JUMP Z, 006[on_loop_1]
 00B  01306              LOAD s3, 06
 00C          on_loop_3: 
 00C  19301              SUB s3, 01
 00D  32009              JUMP Z, 009[on_loop_2]
 00E  2200C              JUMP 00C[on_loop_3]
 00F           turn_off: 
 00F  01400              LOAD s4, 00
 010  2D401              OUTPUT s4, 01
 011  010FA              LOAD s0, FA
 012         off_loop_0: 
 012  19001              SUB s0, 01
 013  32000              JUMP Z, 000[turn_on]
 014  011FA              LOAD s1, FA
 015         off_loop_1: 
 015  19101              SUB s1, 01
 016  32012              JUMP Z, 012[off_loop_0]
 017  01284              LOAD s2, 84
 018         off_loop_2: 
 018  19201              SUB s2, 01
 019  32015              JUMP Z, 015[off_loop_1]
 01A  01302              LOAD s3, 02
 01B         off_loop_3: 
 01B  19301              SUB s3, 01
 01C  32018              JUMP Z, 018[off_loop_2]
 01D  2201B              JUMP 01B[off_loop_3]



List of PSM files that have been assembled

O:\KCPSM6_Release5_30Sept12\code.psm



List of defined constants

 CONSTANT name     Value        Source PSM File

 timestamp_hours   09'd         
 timestamp_minutes 53'd         
 timestamp_seconds 11'd         
 datestamp_year    23'd         
 datestamp_month   2'd          
 datestamp_day     10'd         



No TABLEs defined



List of text strings

 STRING name       String         Source PSM File

 KCPSM6_version$   "v2.31"        
 datestamp$        "10 Feb 2023"  
 timestamp$        "09:53:11"     



List of line labels

 Label        Addr  Source PSM File

 main         000   code.psm
 turn_on      000   code.psm
 on_loop_0    003   code.psm
 on_loop_1    006   code.psm
 on_loop_2    009   code.psm
 on_loop_3    00C   code.psm
 turn_off     00F   code.psm
 off_loop_0   012   code.psm
 off_loop_1   015   code.psm
 off_loop_2   018   code.psm
 off_loop_3   01B   code.psm



Instruction usage statistics

 Instruction    Instances

 LOAD             10
 STAR              -

 AND               -
 OR                -
 XOR               -

 ADD               -
 ADDCY             -
 SUB               8
 SUBCY             -

 TEST              -
 TESTCY            -
 COMPARE           -
 COMPARECY         -

 SL0               -
 SL1               -
 SLX               -
 SLA               -
 RL                -
 SR0               -
 SR1               -
 SRX               -
 SRA               -
 RR                -

 REGBANK           -

 INPUT             -
 OUTPUT            2
 OUTPUTK           -

 STORE             -
 FETCH             -

 DISABLE           -
 ENABLE            -
 RETURNI           -

 JUMP             10
 JUMP@             -
 CALL              -
 CALL@             -
 RETURN            -
 LOAD&RETURN       -

 HWBUILD           -



End of KCPSM6 log file.
