
*** Running vivado
    with args -log main.vds -m64 -product Vivado -mode batch -messageDb vivado.pb -notrace -source main.tcl


****** Vivado v2020.2 (64-bit)
  **** SW Build 3064766 on Wed Nov 18 09:12:47 MST 2020
  **** IP Build 3064653 on Wed Nov 18 14:17:31 MST 2020
    ** Copyright 1986-2020 Xilinx, Inc. All Rights Reserved.

source main.tcl -notrace
Command: synth_design -top main -part xc7a35ticpg236-1L
Starting synth_design
Attempting to get a license for feature 'Synthesis' and/or device 'xc7a35ti'
INFO: [Common 17-349] Got license for feature 'Synthesis' and/or device 'xc7a35ti'
INFO: [Device 21-403] Loading part xc7a35ticpg236-1L
INFO: [Synth 8-7079] Multithreading enabled for synth_design using a maximum of 4 processes.
INFO: [Synth 8-7078] Launching helper process for spawning children vivado processes
INFO: [Synth 8-7075] Helper process launched with PID 11814
---------------------------------------------------------------------------------
Starting RTL Elaboration : Time (s): cpu = 00:00:04 ; elapsed = 00:00:04 . Memory (MB): peak = 2291.340 ; gain = 0.000 ; free physical = 6762 ; free virtual = 42986
---------------------------------------------------------------------------------
INFO: [Synth 8-638] synthesizing module 'main' [/media/2TB_Crucial_SSD/repos/school/year_4_sem_2/VLSI/group/practical_1_v3/practical_1_v3.srcs/sources_1/new/main.vhd:42]
	Parameter hwbuild bound to: 8'b00000000 
	Parameter interrupt_vector bound to: 12'b001111111111 
	Parameter scratch_pad_memory_size bound to: 64 - type: integer 
INFO: [Synth 8-3491] module 'kcpsm6' declared at '/media/2TB_Crucial_SSD/repos/school/year_4_sem_2/VLSI/group/practical_1_v3/practical_1_v3.srcs/sources_1/imports/practical_1_v3/kcpsm6.vhd:82' bound to instance 'processor' of component 'kcpsm6' [/media/2TB_Crucial_SSD/repos/school/year_4_sem_2/VLSI/group/practical_1_v3/practical_1_v3.srcs/sources_1/new/main.vhd:110]
INFO: [Synth 8-638] synthesizing module 'kcpsm6' [/media/2TB_Crucial_SSD/repos/school/year_4_sem_2/VLSI/group/practical_1_v3/practical_1_v3.srcs/sources_1/imports/practical_1_v3/kcpsm6.vhd:106]
	Parameter hwbuild bound to: 8'b00000000 
	Parameter interrupt_vector bound to: 12'b001111111111 
	Parameter scratch_pad_memory_size bound to: 64 - type: integer 
	Parameter INIT bound to: 64'b1111111111111111111101010101010100000000000000000000111011101110 
INFO: [Synth 8-113] binding component instance 'reset_lut' to cell 'LUT6_2' [/media/2TB_Crucial_SSD/repos/school/year_4_sem_2/VLSI/group/practical_1_v3/practical_1_v3.srcs/sources_1/imports/practical_1_v3/kcpsm6.vhd:672]
	Parameter INIT bound to: 1'b0 
INFO: [Synth 8-113] binding component instance 'run_flop' to cell 'FD' [/media/2TB_Crucial_SSD/repos/school/year_4_sem_2/VLSI/group/practical_1_v3/practical_1_v3.srcs/sources_1/imports/practical_1_v3/kcpsm6.vhd:683]
	Parameter INIT bound to: 1'b0 
INFO: [Synth 8-113] binding component instance 'internal_reset_flop' to cell 'FD' [/media/2TB_Crucial_SSD/repos/school/year_4_sem_2/VLSI/group/practical_1_v3/practical_1_v3.srcs/sources_1/imports/practical_1_v3/kcpsm6.vhd:688]
	Parameter INIT bound to: 1'b0 
INFO: [Synth 8-113] binding component instance 'sync_sleep_flop' to cell 'FD' [/media/2TB_Crucial_SSD/repos/school/year_4_sem_2/VLSI/group/practical_1_v3/practical_1_v3.srcs/sources_1/imports/practical_1_v3/kcpsm6.vhd:693]
	Parameter INIT bound to: 64'b0000000010000011000000000000101100000000110001000000000001001100 
INFO: [Synth 8-113] binding component instance 't_state_lut' to cell 'LUT6_2' [/media/2TB_Crucial_SSD/repos/school/year_4_sem_2/VLSI/group/practical_1_v3/practical_1_v3.srcs/sources_1/imports/practical_1_v3/kcpsm6.vhd:698]
	Parameter INIT bound to: 1'b0 
INFO: [Synth 8-113] binding component instance 't_state1_flop' to cell 'FD' [/media/2TB_Crucial_SSD/repos/school/year_4_sem_2/VLSI/group/practical_1_v3/practical_1_v3.srcs/sources_1/imports/practical_1_v3/kcpsm6.vhd:709]
	Parameter INIT bound to: 1'b0 
INFO: [Synth 8-113] binding component instance 't_state2_flop' to cell 'FD' [/media/2TB_Crucial_SSD/repos/school/year_4_sem_2/VLSI/group/practical_1_v3/practical_1_v3.srcs/sources_1/imports/practical_1_v3/kcpsm6.vhd:714]
	Parameter INIT bound to: 64'b0000000000010000000000000000000000000000000000000000100000000000 
INFO: [Synth 8-113] binding component instance 'int_enable_type_lut' to cell 'LUT6_2' [/media/2TB_Crucial_SSD/repos/school/year_4_sem_2/VLSI/group/practical_1_v3/practical_1_v3.srcs/sources_1/imports/practical_1_v3/kcpsm6.vhd:720]
	Parameter INIT bound to: 64'b0000000000000000000000000000000000000000000000001100101010101010 
INFO: [Synth 8-113] binding component instance 'interrupt_enable_lut' to cell 'LUT6' [/media/2TB_Crucial_SSD/repos/school/year_4_sem_2/VLSI/group/practical_1_v3/practical_1_v3.srcs/sources_1/imports/practical_1_v3/kcpsm6.vhd:731]
	Parameter INIT bound to: 1'b0 
INFO: [Synth 8-113] binding component instance 'interrupt_enable_flop' to cell 'FD' [/media/2TB_Crucial_SSD/repos/school/year_4_sem_2/VLSI/group/practical_1_v3/practical_1_v3.srcs/sources_1/imports/practical_1_v3/kcpsm6.vhd:741]
	Parameter INIT bound to: 1'b0 
INFO: [Synth 8-113] binding component instance 'sync_interrupt_flop' to cell 'FD' [/media/2TB_Crucial_SSD/repos/school/year_4_sem_2/VLSI/group/practical_1_v3/practical_1_v3.srcs/sources_1/imports/practical_1_v3/kcpsm6.vhd:746]
	Parameter INIT bound to: 64'b1100110000110011111111110000000010000000100000001000000010000000 
INFO: [Synth 8-113] binding component instance 'active_interrupt_lut' to cell 'LUT6_2' [/media/2TB_Crucial_SSD/repos/school/year_4_sem_2/VLSI/group/practical_1_v3/practical_1_v3.srcs/sources_1/imports/practical_1_v3/kcpsm6.vhd:751]
	Parameter INIT bound to: 1'b0 
INFO: [Synth 8-113] binding component instance 'active_interrupt_flop' to cell 'FD' [/media/2TB_Crucial_SSD/repos/school/year_4_sem_2/VLSI/group/practical_1_v3/practical_1_v3.srcs/sources_1/imports/practical_1_v3/kcpsm6.vhd:762]
	Parameter INIT bound to: 1'b0 
INFO: [Synth 8-113] binding component instance 'interrupt_ack_flop' to cell 'FD' [/media/2TB_Crucial_SSD/repos/school/year_4_sem_2/VLSI/group/practical_1_v3/practical_1_v3.srcs/sources_1/imports/practical_1_v3/kcpsm6.vhd:767]
	Parameter INIT bound to: 64'b0101101000111100111111111111111100000000000000000000000000000000 
INFO: [Synth 8-113] binding component instance 'pc_move_is_valid_lut' to cell 'LUT6' [/media/2TB_Crucial_SSD/repos/school/year_4_sem_2/VLSI/group/practical_1_v3/practical_1_v3.srcs/sources_1/imports/practical_1_v3/kcpsm6.vhd:791]
	Parameter INIT bound to: 64'b0111011101110111000000100111011100000000000000000000001000000000 
INFO: [Synth 8-113] binding component instance 'move_type_lut' to cell 'LUT6_2' [/media/2TB_Crucial_SSD/repos/school/year_4_sem_2/VLSI/group/practical_1_v3/practical_1_v3.srcs/sources_1/imports/practical_1_v3/kcpsm6.vhd:801]
	Parameter INIT bound to: 64'b0000000000000000111100000000000000000000000000000010001111111111 
INFO: [Synth 8-113] binding component instance 'pc_mode1_lut' to cell 'LUT6_2' [/media/2TB_Crucial_SSD/repos/school/year_4_sem_2/VLSI/group/practical_1_v3/practical_1_v3.srcs/sources_1/imports/practical_1_v3/kcpsm6.vhd:812]
	Parameter INIT bound to: 64'b1111111111111111111111111111111100000000000001000000000000000000 
INFO: [Synth 8-113] binding component instance 'pc_mode2_lut' to cell 'LUT6' [/media/2TB_Crucial_SSD/repos/school/year_4_sem_2/VLSI/group/practical_1_v3/practical_1_v3.srcs/sources_1/imports/practical_1_v3/kcpsm6.vhd:823]
	Parameter INIT bound to: 64'b1111111111111111000100000000000000000000000000000010000000000000 
INFO: [Synth 8-113] binding component instance 'push_pop_lut' to cell 'LUT6_2' [/media/2TB_Crucial_SSD/repos/school/year_4_sem_2/VLSI/group/practical_1_v3/practical_1_v3.srcs/sources_1/imports/practical_1_v3/kcpsm6.vhd:833]
	Parameter INIT bound to: 64'b0000001111001010000000000000000000000100001000000000000000000000 
INFO: [Synth 8-113] binding component instance 'alu_decode0_lut' to cell 'LUT6_2' [/media/2TB_Crucial_SSD/repos/school/year_4_sem_2/VLSI/group/practical_1_v3/practical_1_v3.srcs/sources_1/imports/practical_1_v3/kcpsm6.vhd:848]
	Parameter INIT bound to: 1'b0 
INFO: [Synth 8-113] binding component instance 'alu_mux_sel0_flop' to cell 'FD' [/media/2TB_Crucial_SSD/repos/school/year_4_sem_2/VLSI/group/practical_1_v3/practical_1_v3.srcs/sources_1/imports/practical_1_v3/kcpsm6.vhd:859]
	Parameter INIT bound to: 64'b0111011100001000000000000000000000000000000000000000111100000000 
INFO: [Synth 8-113] binding component instance 'alu_decode1_lut' to cell 'LUT6_2' [/media/2TB_Crucial_SSD/repos/school/year_4_sem_2/VLSI/group/practical_1_v3/practical_1_v3.srcs/sources_1/imports/practical_1_v3/kcpsm6.vhd:864]
	Parameter INIT bound to: 1'b0 
INFO: [Synth 8-113] binding component instance 'alu_mux_sel1_flop' to cell 'FD' [/media/2TB_Crucial_SSD/repos/school/year_4_sem_2/VLSI/group/practical_1_v3/practical_1_v3.srcs/sources_1/imports/practical_1_v3/kcpsm6.vhd:875]
	Parameter INIT bound to: 64'b1101000000000000000000000000000000000010000000000000000000000000 
INFO: [Synth 8-113] binding component instance 'alu_decode2_lut' to cell 'LUT6_2' [/media/2TB_Crucial_SSD/repos/school/year_4_sem_2/VLSI/group/practical_1_v3/practical_1_v3.srcs/sources_1/imports/practical_1_v3/kcpsm6.vhd:881]
	Parameter INIT bound to: 64'b0000000000000001001111110011111100000000000100001111011111001110 
INFO: [Synth 8-113] binding component instance 'register_enable_type_lut' to cell 'LUT6_2' [/media/2TB_Crucial_SSD/repos/school/year_4_sem_2/VLSI/group/practical_1_v3/practical_1_v3.srcs/sources_1/imports/practical_1_v3/kcpsm6.vhd:896]
	Parameter INIT bound to: 64'b1100000011001100000000000000000010100000101010100000000000000000 
INFO: [Synth 8-113] binding component instance 'register_enable_lut' to cell 'LUT6_2' [/media/2TB_Crucial_SSD/repos/school/year_4_sem_2/VLSI/group/practical_1_v3/practical_1_v3.srcs/sources_1/imports/practical_1_v3/kcpsm6.vhd:907]
	Parameter INIT bound to: 1'b0 
INFO: [Synth 8-113] binding component instance 'flag_enable_flop' to cell 'FDR' [/media/2TB_Crucial_SSD/repos/school/year_4_sem_2/VLSI/group/practical_1_v3/practical_1_v3.srcs/sources_1/imports/practical_1_v3/kcpsm6.vhd:918]
	Parameter INIT bound to: 1'b0 
INFO: [Synth 8-113] binding component instance 'register_enable_flop' to cell 'FDR' [/media/2TB_Crucial_SSD/repos/school/year_4_sem_2/VLSI/group/practical_1_v3/practical_1_v3.srcs/sources_1/imports/practical_1_v3/kcpsm6.vhd:924]
	Parameter INIT bound to: 64'b1000000000000000000000000000000000100000000000000000000000000000 
INFO: [Synth 8-113] binding component instance 'spm_enable_lut' to cell 'LUT6_2' [/media/2TB_Crucial_SSD/repos/school/year_4_sem_2/VLSI/group/practical_1_v3/practical_1_v3.srcs/sources_1/imports/practical_1_v3/kcpsm6.vhd:930]
	Parameter INIT bound to: 1'b0 
INFO: [Synth 8-113] binding component instance 'k_write_strobe_flop' to cell 'FDR' [/media/2TB_Crucial_SSD/repos/school/year_4_sem_2/VLSI/group/practical_1_v3/practical_1_v3.srcs/sources_1/imports/practical_1_v3/kcpsm6.vhd:941]
	Parameter INIT bound to: 1'b0 
INFO: [Synth 8-113] binding component instance 'spm_enable_flop' to cell 'FDR' [/media/2TB_Crucial_SSD/repos/school/year_4_sem_2/VLSI/group/practical_1_v3/practical_1_v3.srcs/sources_1/imports/practical_1_v3/kcpsm6.vhd:947]
	Parameter INIT bound to: 64'b0100000000000000000000000000000000000001000000000000000000000000 
INFO: [Synth 8-113] binding component instance 'read_strobe_lut' to cell 'LUT6_2' [/media/2TB_Crucial_SSD/repos/school/year_4_sem_2/VLSI/group/practical_1_v3/practical_1_v3.srcs/sources_1/imports/practical_1_v3/kcpsm6.vhd:953]
	Parameter INIT bound to: 1'b0 
INFO: [Synth 8-113] binding component instance 'write_strobe_flop' to cell 'FDR' [/media/2TB_Crucial_SSD/repos/school/year_4_sem_2/VLSI/group/practical_1_v3/practical_1_v3.srcs/sources_1/imports/practical_1_v3/kcpsm6.vhd:964]
	Parameter INIT bound to: 1'b0 
INFO: [Synth 8-113] binding component instance 'read_strobe_flop' to cell 'FDR' [/media/2TB_Crucial_SSD/repos/school/year_4_sem_2/VLSI/group/practical_1_v3/practical_1_v3.srcs/sources_1/imports/practical_1_v3/kcpsm6.vhd:970]
	Parameter INIT bound to: 64'b0000000010000000000000100000000000000000000000000000000000000000 
INFO: [Synth 8-113] binding component instance 'regbank_type_lut' to cell 'LUT6' [/media/2TB_Crucial_SSD/repos/school/year_4_sem_2/VLSI/group/practical_1_v3/practical_1_v3.srcs/sources_1/imports/practical_1_v3/kcpsm6.vhd:988]
	Parameter INIT bound to: 64'b1010110010101100111111110000000011111111000000001111111100000000 
INFO: [Synth 8-113] binding component instance 'bank_lut' to cell 'LUT6' [/media/2TB_Crucial_SSD/repos/school/year_4_sem_2/VLSI/group/practical_1_v3/practical_1_v3.srcs/sources_1/imports/practical_1_v3/kcpsm6.vhd:998]
	Parameter INIT bound to: 1'b0 
INFO: [Synth 8-113] binding component instance 'bank_flop' to cell 'FDR' [/media/2TB_Crucial_SSD/repos/school/year_4_sem_2/VLSI/group/practical_1_v3/practical_1_v3.srcs/sources_1/imports/practical_1_v3/kcpsm6.vhd:1008]
	Parameter INIT bound to: 1'b0 
INFO: [Synth 8-113] binding component instance 'sx_addr4_flop' to cell 'FD' [/media/2TB_Crucial_SSD/repos/school/year_4_sem_2/VLSI/group/practical_1_v3/practical_1_v3.srcs/sources_1/imports/practical_1_v3/kcpsm6.vhd:1014]
INFO: [Synth 8-113] binding component instance 'arith_carry_xorcy' to cell 'XORCY' [/media/2TB_Crucial_SSD/repos/school/year_4_sem_2/VLSI/group/practical_1_v3/practical_1_v3.srcs/sources_1/imports/practical_1_v3/kcpsm6.vhd:1038]
	Parameter INIT bound to: 1'b0 
INFO: [Synth 8-113] binding component instance 'arith_carry_flop' to cell 'FD' [/media/2TB_Crucial_SSD/repos/school/year_4_sem_2/VLSI/group/practical_1_v3/practical_1_v3.srcs/sources_1/imports/practical_1_v3/kcpsm6.vhd:1043]
	Parameter INIT bound to: 64'b0000000000000000000000000000000010000111011110000000000000000000 
INFO: [Synth 8-113] binding component instance 'lower_parity_lut' to cell 'LUT6_2' [/media/2TB_Crucial_SSD/repos/school/year_4_sem_2/VLSI/group/practical_1_v3/practical_1_v3.srcs/sources_1/imports/practical_1_v3/kcpsm6.vhd:1048]
INFO: [Synth 8-113] binding component instance 'parity_muxcy' to cell 'MUXCY' [/media/2TB_Crucial_SSD/repos/school/year_4_sem_2/VLSI/group/practical_1_v3/practical_1_v3.srcs/sources_1/imports/practical_1_v3/kcpsm6.vhd:1059]
	Parameter INIT bound to: 64'b0110100110010110100101100110100110010110011010010110100110010110 
INFO: [Synth 8-113] binding component instance 'upper_parity_lut' to cell 'LUT6' [/media/2TB_Crucial_SSD/repos/school/year_4_sem_2/VLSI/group/practical_1_v3/practical_1_v3.srcs/sources_1/imports/practical_1_v3/kcpsm6.vhd:1065]
INFO: [Synth 8-113] binding component instance 'parity_xorcy' to cell 'XORCY' [/media/2TB_Crucial_SSD/repos/school/year_4_sem_2/VLSI/group/practical_1_v3/practical_1_v3.srcs/sources_1/imports/practical_1_v3/kcpsm6.vhd:1075]
	Parameter INIT bound to: 64'b1111111111111111101010101100110011110000111100001111000011110000 
INFO: [Synth 8-113] binding component instance 'shift_carry_lut' to cell 'LUT6' [/media/2TB_Crucial_SSD/repos/school/year_4_sem_2/VLSI/group/practical_1_v3/practical_1_v3.srcs/sources_1/imports/practical_1_v3/kcpsm6.vhd:1080]
	Parameter INIT bound to: 1'b0 
INFO: [Synth 8-113] binding component instance 'shift_carry_flop' to cell 'FD' [/media/2TB_Crucial_SSD/repos/school/year_4_sem_2/VLSI/group/practical_1_v3/practical_1_v3.srcs/sources_1/imports/practical_1_v3/kcpsm6.vhd:1090]
	Parameter INIT bound to: 64'b0011001100110011101010101100110011110000101010100000000000000000 
INFO: [Synth 8-113] binding component instance 'carry_flag_lut' to cell 'LUT6_2' [/media/2TB_Crucial_SSD/repos/school/year_4_sem_2/VLSI/group/practical_1_v3/practical_1_v3.srcs/sources_1/imports/practical_1_v3/kcpsm6.vhd:1095]
	Parameter INIT bound to: 1'b0 
	Parameter IS_C_INVERTED bound to: 1'b0 
	Parameter IS_D_INVERTED bound to: 1'b0 
	Parameter IS_R_INVERTED bound to: 1'b0 
INFO: [Synth 8-113] binding component instance 'carry_flag_flop' to cell 'FDRE' [/media/2TB_Crucial_SSD/repos/school/year_4_sem_2/VLSI/group/practical_1_v3/practical_1_v3.srcs/sources_1/imports/practical_1_v3/kcpsm6.vhd:1106]
INFO: [Synth 8-113] binding component instance 'init_zero_muxcy' to cell 'MUXCY' [/media/2TB_Crucial_SSD/repos/school/year_4_sem_2/VLSI/group/practical_1_v3/practical_1_v3.srcs/sources_1/imports/practical_1_v3/kcpsm6.vhd:1113]
	Parameter INIT bound to: 64'b1010001010000000000000000000000000000000111100000000000011110000 
INFO: [Synth 8-113] binding component instance 'use_zero_flag_lut' to cell 'LUT6_2' [/media/2TB_Crucial_SSD/repos/school/year_4_sem_2/VLSI/group/practical_1_v3/practical_1_v3.srcs/sources_1/imports/practical_1_v3/kcpsm6.vhd:1119]
	Parameter INIT bound to: 1'b0 
INFO: [Synth 8-113] binding component instance 'use_zero_flag_flop' to cell 'FD' [/media/2TB_Crucial_SSD/repos/school/year_4_sem_2/VLSI/group/practical_1_v3/practical_1_v3.srcs/sources_1/imports/practical_1_v3/kcpsm6.vhd:1130]
	Parameter INIT bound to: 64'b0000000000000000000000000000000000000000000000000000000000000001 
INFO: [Synth 8-113] binding component instance 'lower_zero_lut' to cell 'LUT6_2' [/media/2TB_Crucial_SSD/repos/school/year_4_sem_2/VLSI/group/practical_1_v3/practical_1_v3.srcs/sources_1/imports/practical_1_v3/kcpsm6.vhd:1135]
INFO: [Synth 8-113] binding component instance 'lower_zero_muxcy' to cell 'MUXCY' [/media/2TB_Crucial_SSD/repos/school/year_4_sem_2/VLSI/group/practical_1_v3/practical_1_v3.srcs/sources_1/imports/practical_1_v3/kcpsm6.vhd:1146]
	Parameter INIT bound to: 64'b0000000000000000000000000000110100000000000000000000000000000000 
INFO: [Synth 8-113] binding component instance 'middle_zero_lut' to cell 'LUT6_2' [/media/2TB_Crucial_SSD/repos/school/year_4_sem_2/VLSI/group/practical_1_v3/practical_1_v3.srcs/sources_1/imports/practical_1_v3/kcpsm6.vhd:1152]
INFO: [Synth 8-113] binding component instance 'middle_zero_muxcy' to cell 'MUXCY' [/media/2TB_Crucial_SSD/repos/school/year_4_sem_2/VLSI/group/practical_1_v3/practical_1_v3.srcs/sources_1/imports/practical_1_v3/kcpsm6.vhd:1163]
	Parameter INIT bound to: 64'b1111101111111111000000000000000000000000000000000000000000000000 
INFO: [Synth 8-113] binding component instance 'upper_zero_lut' to cell 'LUT6' [/media/2TB_Crucial_SSD/repos/school/year_4_sem_2/VLSI/group/practical_1_v3/practical_1_v3.srcs/sources_1/imports/practical_1_v3/kcpsm6.vhd:1169]
INFO: [Synth 8-113] binding component instance 'upper_zero_muxcy' to cell 'MUXCY' [/media/2TB_Crucial_SSD/repos/school/year_4_sem_2/VLSI/group/practical_1_v3/practical_1_v3.srcs/sources_1/imports/practical_1_v3/kcpsm6.vhd:1179]
	Parameter INIT bound to: 1'b0 
	Parameter IS_C_INVERTED bound to: 1'b0 
	Parameter IS_D_INVERTED bound to: 1'b0 
	Parameter IS_R_INVERTED bound to: 1'b0 
INFO: [Synth 8-113] binding component instance 'zero_flag_flop' to cell 'FDRE' [/media/2TB_Crucial_SSD/repos/school/year_4_sem_2/VLSI/group/practical_1_v3/practical_1_v3.srcs/sources_1/imports/practical_1_v3/kcpsm6.vhd:1185]
	Parameter INIT bound to: 1'b0 
INFO: [Synth 8-113] binding component instance 'return_vector_flop' to cell 'FD' [/media/2TB_Crucial_SSD/repos/school/year_4_sem_2/VLSI/group/practical_1_v3/practical_1_v3.srcs/sources_1/imports/practical_1_v3/kcpsm6.vhd:1236]
	Parameter INIT bound to: 64'b1111111100000000111100001111000011001100110011001010101010101010 
INFO: [Synth 8-113] binding component instance 'pc_vector_mux_lut' to cell 'LUT6_2' [/media/2TB_Crucial_SSD/repos/school/year_4_sem_2/VLSI/group/practical_1_v3/practical_1_v3.srcs/sources_1/imports/practical_1_v3/kcpsm6.vhd:1251]
	Parameter INIT bound to: 1'b0 
	Parameter IS_C_INVERTED bound to: 1'b0 
	Parameter IS_D_INVERTED bound to: 1'b0 
	Parameter IS_R_INVERTED bound to: 1'b0 
INFO: [Synth 8-113] binding component instance 'pc_flop' to cell 'FDRE' [/media/2TB_Crucial_SSD/repos/school/year_4_sem_2/VLSI/group/practical_1_v3/practical_1_v3.srcs/sources_1/imports/practical_1_v3/kcpsm6.vhd:1296]
	Parameter INIT bound to: 64'b0000000010101010000000001111111100110011110011000000111100000000 
INFO: [Synth 8-113] binding component instance 'pc_lut' to cell 'LUT6' [/media/2TB_Crucial_SSD/repos/school/year_4_sem_2/VLSI/group/practical_1_v3/practical_1_v3.srcs/sources_1/imports/practical_1_v3/kcpsm6.vhd:1337]
INFO: [Synth 8-113] binding component instance 'pc_xorcy' to cell 'XORCY' [/media/2TB_Crucial_SSD/repos/school/year_4_sem_2/VLSI/group/practical_1_v3/practical_1_v3.srcs/sources_1/imports/practical_1_v3/kcpsm6.vhd:1353]
INFO: [Synth 8-113] binding component instance 'pc_muxcy' to cell 'MUXCY' [/media/2TB_Crucial_SSD/repos/school/year_4_sem_2/VLSI/group/practical_1_v3/practical_1_v3.srcs/sources_1/imports/practical_1_v3/kcpsm6.vhd:1358]
	Parameter INIT bound to: 1'b0 
INFO: [Synth 8-113] binding component instance 'return_vector_flop' to cell 'FD' [/media/2TB_Crucial_SSD/repos/school/year_4_sem_2/VLSI/group/practical_1_v3/practical_1_v3.srcs/sources_1/imports/practical_1_v3/kcpsm6.vhd:1236]
	Parameter INIT bound to: 1'b0 
	Parameter IS_C_INVERTED bound to: 1'b0 
	Parameter IS_D_INVERTED bound to: 1'b0 
	Parameter IS_R_INVERTED bound to: 1'b0 
INFO: [Synth 8-113] binding component instance 'pc_flop' to cell 'FDRE' [/media/2TB_Crucial_SSD/repos/school/year_4_sem_2/VLSI/group/practical_1_v3/practical_1_v3.srcs/sources_1/imports/practical_1_v3/kcpsm6.vhd:1296]
	Parameter INIT bound to: 64'b0000000010101010000000001111111111001100110011001111000000000000 
INFO: [Synth 8-113] binding component instance 'pc_lut' to cell 'LUT6' [/media/2TB_Crucial_SSD/repos/school/year_4_sem_2/VLSI/group/practical_1_v3/practical_1_v3.srcs/sources_1/imports/practical_1_v3/kcpsm6.vhd:1398]
INFO: [Synth 8-113] binding component instance 'pc_xorcy' to cell 'XORCY' [/media/2TB_Crucial_SSD/repos/school/year_4_sem_2/VLSI/group/practical_1_v3/practical_1_v3.srcs/sources_1/imports/practical_1_v3/kcpsm6.vhd:1413]
INFO: [Synth 8-113] binding component instance 'pc_muxcy' to cell 'MUXCY' [/media/2TB_Crucial_SSD/repos/school/year_4_sem_2/VLSI/group/practical_1_v3/practical_1_v3.srcs/sources_1/imports/practical_1_v3/kcpsm6.vhd:1427]
	Parameter INIT bound to: 1'b0 
INFO: [Synth 8-113] binding component instance 'return_vector_flop' to cell 'FD' [/media/2TB_Crucial_SSD/repos/school/year_4_sem_2/VLSI/group/practical_1_v3/practical_1_v3.srcs/sources_1/imports/practical_1_v3/kcpsm6.vhd:1236]
	Parameter INIT bound to: 64'b1111111100000000111100001111000011001100110011001010101010101010 
INFO: [Synth 8-113] binding component instance 'pc_vector_mux_lut' to cell 'LUT6_2' [/media/2TB_Crucial_SSD/repos/school/year_4_sem_2/VLSI/group/practical_1_v3/practical_1_v3.srcs/sources_1/imports/practical_1_v3/kcpsm6.vhd:1251]
	Parameter INIT bound to: 1'b0 
	Parameter IS_C_INVERTED bound to: 1'b0 
	Parameter IS_D_INVERTED bound to: 1'b0 
	Parameter IS_R_INVERTED bound to: 1'b0 
INFO: [Synth 8-113] binding component instance 'pc_flop' to cell 'FDRE' [/media/2TB_Crucial_SSD/repos/school/year_4_sem_2/VLSI/group/practical_1_v3/practical_1_v3.srcs/sources_1/imports/practical_1_v3/kcpsm6.vhd:1296]
	Parameter INIT bound to: 64'b0000000010101010000000001111111111001100110011001111000000000000 
INFO: [Synth 8-113] binding component instance 'pc_lut' to cell 'LUT6' [/media/2TB_Crucial_SSD/repos/school/year_4_sem_2/VLSI/group/practical_1_v3/practical_1_v3.srcs/sources_1/imports/practical_1_v3/kcpsm6.vhd:1398]
INFO: [Synth 8-113] binding component instance 'pc_xorcy' to cell 'XORCY' [/media/2TB_Crucial_SSD/repos/school/year_4_sem_2/VLSI/group/practical_1_v3/practical_1_v3.srcs/sources_1/imports/practical_1_v3/kcpsm6.vhd:1413]
INFO: [Synth 8-113] binding component instance 'pc_muxcy' to cell 'MUXCY' [/media/2TB_Crucial_SSD/repos/school/year_4_sem_2/VLSI/group/practical_1_v3/practical_1_v3.srcs/sources_1/imports/practical_1_v3/kcpsm6.vhd:1427]
	Parameter INIT bound to: 1'b0 
INFO: [Synth 8-113] binding component instance 'return_vector_flop' to cell 'FD' [/media/2TB_Crucial_SSD/repos/school/year_4_sem_2/VLSI/group/practical_1_v3/practical_1_v3.srcs/sources_1/imports/practical_1_v3/kcpsm6.vhd:1236]
	Parameter INIT bound to: 1'b0 
	Parameter IS_C_INVERTED bound to: 1'b0 
	Parameter IS_D_INVERTED bound to: 1'b0 
	Parameter IS_R_INVERTED bound to: 1'b0 
INFO: [Synth 8-113] binding component instance 'pc_flop' to cell 'FDRE' [/media/2TB_Crucial_SSD/repos/school/year_4_sem_2/VLSI/group/practical_1_v3/practical_1_v3.srcs/sources_1/imports/practical_1_v3/kcpsm6.vhd:1296]
	Parameter INIT bound to: 64'b0000000010101010000000001111111111001100110011001111000000000000 
INFO: [Synth 8-113] binding component instance 'pc_lut' to cell 'LUT6' [/media/2TB_Crucial_SSD/repos/school/year_4_sem_2/VLSI/group/practical_1_v3/practical_1_v3.srcs/sources_1/imports/practical_1_v3/kcpsm6.vhd:1398]
INFO: [Synth 8-113] binding component instance 'pc_xorcy' to cell 'XORCY' [/media/2TB_Crucial_SSD/repos/school/year_4_sem_2/VLSI/group/practical_1_v3/practical_1_v3.srcs/sources_1/imports/practical_1_v3/kcpsm6.vhd:1413]
INFO: [Synth 8-113] binding component instance 'pc_muxcy' to cell 'MUXCY' [/media/2TB_Crucial_SSD/repos/school/year_4_sem_2/VLSI/group/practical_1_v3/practical_1_v3.srcs/sources_1/imports/practical_1_v3/kcpsm6.vhd:1427]
	Parameter INIT bound to: 1'b0 
INFO: [Synth 8-113] binding component instance 'return_vector_flop' to cell 'FD' [/media/2TB_Crucial_SSD/repos/school/year_4_sem_2/VLSI/group/practical_1_v3/practical_1_v3.srcs/sources_1/imports/practical_1_v3/kcpsm6.vhd:1236]
	Parameter INIT bound to: 64'b1111111100000000111100001111000011001100110011001010101010101010 
INFO: [Synth 8-113] binding component instance 'pc_vector_mux_lut' to cell 'LUT6_2' [/media/2TB_Crucial_SSD/repos/school/year_4_sem_2/VLSI/group/practical_1_v3/practical_1_v3.srcs/sources_1/imports/practical_1_v3/kcpsm6.vhd:1251]
	Parameter INIT bound to: 1'b0 
	Parameter IS_C_INVERTED bound to: 1'b0 
	Parameter IS_D_INVERTED bound to: 1'b0 
	Parameter IS_R_INVERTED bound to: 1'b0 
INFO: [Synth 8-113] binding component instance 'pc_flop' to cell 'FDRE' [/media/2TB_Crucial_SSD/repos/school/year_4_sem_2/VLSI/group/practical_1_v3/practical_1_v3.srcs/sources_1/imports/practical_1_v3/kcpsm6.vhd:1296]
	Parameter INIT bound to: 64'b0000000010101010000000001111111111001100110011001111000000000000 
INFO: [Synth 8-113] binding component instance 'pc_lut' to cell 'LUT6' [/media/2TB_Crucial_SSD/repos/school/year_4_sem_2/VLSI/group/practical_1_v3/practical_1_v3.srcs/sources_1/imports/practical_1_v3/kcpsm6.vhd:1398]
INFO: [Synth 8-113] binding component instance 'pc_xorcy' to cell 'XORCY' [/media/2TB_Crucial_SSD/repos/school/year_4_sem_2/VLSI/group/practical_1_v3/practical_1_v3.srcs/sources_1/imports/practical_1_v3/kcpsm6.vhd:1413]
INFO: [Synth 8-113] binding component instance 'pc_muxcy' to cell 'MUXCY' [/media/2TB_Crucial_SSD/repos/school/year_4_sem_2/VLSI/group/practical_1_v3/practical_1_v3.srcs/sources_1/imports/practical_1_v3/kcpsm6.vhd:1427]
	Parameter INIT bound to: 1'b0 
INFO: [Synth 8-113] binding component instance 'return_vector_flop' to cell 'FD' [/media/2TB_Crucial_SSD/repos/school/year_4_sem_2/VLSI/group/practical_1_v3/practical_1_v3.srcs/sources_1/imports/practical_1_v3/kcpsm6.vhd:1236]
	Parameter INIT bound to: 1'b0 
	Parameter IS_C_INVERTED bound to: 1'b0 
	Parameter IS_D_INVERTED bound to: 1'b0 
	Parameter IS_R_INVERTED bound to: 1'b0 
INFO: [Synth 8-113] binding component instance 'pc_flop' to cell 'FDRE' [/media/2TB_Crucial_SSD/repos/school/year_4_sem_2/VLSI/group/practical_1_v3/practical_1_v3.srcs/sources_1/imports/practical_1_v3/kcpsm6.vhd:1296]
	Parameter INIT bound to: 64'b0000000010101010000000001111111111001100110011001111000000000000 
INFO: [Synth 8-113] binding component instance 'pc_lut' to cell 'LUT6' [/media/2TB_Crucial_SSD/repos/school/year_4_sem_2/VLSI/group/practical_1_v3/practical_1_v3.srcs/sources_1/imports/practical_1_v3/kcpsm6.vhd:1398]
INFO: [Synth 8-113] binding component instance 'pc_xorcy' to cell 'XORCY' [/media/2TB_Crucial_SSD/repos/school/year_4_sem_2/VLSI/group/practical_1_v3/practical_1_v3.srcs/sources_1/imports/practical_1_v3/kcpsm6.vhd:1413]
INFO: [Synth 8-113] binding component instance 'pc_muxcy' to cell 'MUXCY' [/media/2TB_Crucial_SSD/repos/school/year_4_sem_2/VLSI/group/practical_1_v3/practical_1_v3.srcs/sources_1/imports/practical_1_v3/kcpsm6.vhd:1427]
	Parameter INIT bound to: 1'b0 
INFO: [Synth 8-113] binding component instance 'return_vector_flop' to cell 'FD' [/media/2TB_Crucial_SSD/repos/school/year_4_sem_2/VLSI/group/practical_1_v3/practical_1_v3.srcs/sources_1/imports/practical_1_v3/kcpsm6.vhd:1236]
	Parameter INIT bound to: 64'b1111111100000000111100001111000011001100110011001010101010101010 
INFO: [Synth 8-113] binding component instance 'pc_vector_mux_lut' to cell 'LUT6_2' [/media/2TB_Crucial_SSD/repos/school/year_4_sem_2/VLSI/group/practical_1_v3/practical_1_v3.srcs/sources_1/imports/practical_1_v3/kcpsm6.vhd:1251]
	Parameter INIT bound to: 1'b0 
	Parameter IS_C_INVERTED bound to: 1'b0 
	Parameter IS_D_INVERTED bound to: 1'b0 
	Parameter IS_R_INVERTED bound to: 1'b0 
INFO: [Synth 8-113] binding component instance 'pc_flop' to cell 'FDRE' [/media/2TB_Crucial_SSD/repos/school/year_4_sem_2/VLSI/group/practical_1_v3/practical_1_v3.srcs/sources_1/imports/practical_1_v3/kcpsm6.vhd:1296]
	Parameter INIT bound to: 64'b0000000010101010000000001111111111001100110011001111000000000000 
INFO: [Synth 8-113] binding component instance 'pc_lut' to cell 'LUT6' [/media/2TB_Crucial_SSD/repos/school/year_4_sem_2/VLSI/group/practical_1_v3/practical_1_v3.srcs/sources_1/imports/practical_1_v3/kcpsm6.vhd:1398]
INFO: [Synth 8-113] binding component instance 'pc_xorcy' to cell 'XORCY' [/media/2TB_Crucial_SSD/repos/school/year_4_sem_2/VLSI/group/practical_1_v3/practical_1_v3.srcs/sources_1/imports/practical_1_v3/kcpsm6.vhd:1413]
INFO: [Synth 8-113] binding component instance 'pc_muxcy' to cell 'MUXCY' [/media/2TB_Crucial_SSD/repos/school/year_4_sem_2/VLSI/group/practical_1_v3/practical_1_v3.srcs/sources_1/imports/practical_1_v3/kcpsm6.vhd:1427]
	Parameter INIT bound to: 1'b0 
INFO: [Synth 8-113] binding component instance 'return_vector_flop' to cell 'FD' [/media/2TB_Crucial_SSD/repos/school/year_4_sem_2/VLSI/group/practical_1_v3/practical_1_v3.srcs/sources_1/imports/practical_1_v3/kcpsm6.vhd:1236]
	Parameter INIT bound to: 1'b0 
	Parameter IS_C_INVERTED bound to: 1'b0 
	Parameter IS_D_INVERTED bound to: 1'b0 
	Parameter IS_R_INVERTED bound to: 1'b0 
INFO: [Synth 8-113] binding component instance 'pc_flop' to cell 'FDRE' [/media/2TB_Crucial_SSD/repos/school/year_4_sem_2/VLSI/group/practical_1_v3/practical_1_v3.srcs/sources_1/imports/practical_1_v3/kcpsm6.vhd:1296]
	Parameter INIT bound to: 64'b0000000010101010000000001111111111001100110011001111000000000000 
INFO: [Synth 8-113] binding component instance 'pc_lut' to cell 'LUT6' [/media/2TB_Crucial_SSD/repos/school/year_4_sem_2/VLSI/group/practical_1_v3/practical_1_v3.srcs/sources_1/imports/practical_1_v3/kcpsm6.vhd:1398]
INFO: [Common 17-14] Message 'Synth 8-113' appears 100 times and further instances of the messages will be disabled. Use the Tcl command set_msg_config to change the current settings.
	Parameter INIT bound to: 1'b0 
	Parameter INIT bound to: 64'b1111111100000000111100001111000011001100110011001010101010101010 
	Parameter INIT bound to: 1'b0 
	Parameter IS_C_INVERTED bound to: 1'b0 
	Parameter IS_D_INVERTED bound to: 1'b0 
	Parameter IS_R_INVERTED bound to: 1'b0 
	Parameter INIT bound to: 64'b0000000010101010000000001111111111001100110011001111000000000000 
	Parameter INIT bound to: 1'b0 
	Parameter INIT bound to: 1'b0 
	Parameter IS_C_INVERTED bound to: 1'b0 
	Parameter IS_D_INVERTED bound to: 1'b0 
	Parameter IS_R_INVERTED bound to: 1'b0 
	Parameter INIT bound to: 64'b0000000010101010000000001111111111001100110011001111000000000000 
	Parameter INIT bound to: 1'b0 
	Parameter INIT bound to: 64'b1111111100000000111100001111000011001100110011001010101010101010 
	Parameter INIT bound to: 1'b0 
	Parameter IS_C_INVERTED bound to: 1'b0 
	Parameter IS_D_INVERTED bound to: 1'b0 
	Parameter IS_R_INVERTED bound to: 1'b0 
	Parameter INIT bound to: 64'b0000000010101010000000000000000011001100110011001111000000000000 
	Parameter INIT bound to: 1'b0 
	Parameter INIT bound to: 1'b0 
	Parameter IS_C_INVERTED bound to: 1'b0 
	Parameter IS_D_INVERTED bound to: 1'b0 
	Parameter IS_R_INVERTED bound to: 1'b0 
	Parameter INIT bound to: 64'b0000000010101010000000000000000011001100110011001111000000000000 
	Parameter INIT bound to: 1'b0 
	Parameter INIT bound to: 1'b0 
	Parameter INIT bound to: 1'b0 
	Parameter INIT bound to: 1'b0 
	Parameter INIT bound to: 1'b0 
	Parameter INIT_A bound to: 64'b0000000000000000000000000000000000000000000000000000000000000000 
	Parameter INIT_B bound to: 64'b0000000000000000000000000000000000000000000000000000000000000000 
	Parameter INIT_C bound to: 64'b0000000000000000000000000000000000000000000000000000000000000000 
	Parameter INIT_D bound to: 64'b0000000000000000000000000000000000000000000000000000000000000000 
	Parameter IS_WCLK_INVERTED bound to: 1'b0 
	Parameter INIT_A bound to: 64'b0000000000000000000000000000000000000000000000000000000000000000 
	Parameter INIT_B bound to: 64'b0000000000000000000000000000000000000000000000000000000000000000 
	Parameter INIT_C bound to: 64'b0000000000000000000000000000000000000000000000000000000000000000 
	Parameter INIT_D bound to: 64'b0000000000000000000000000000000000000000000000000000000000000000 
	Parameter IS_WCLK_INVERTED bound to: 1'b0 
	Parameter INIT bound to: 1'b0 
	Parameter INIT bound to: 64'b0000000000010101001010011010101010101010101010101010101010101010 
	Parameter INIT bound to: 1'b0 
	Parameter INIT bound to: 64'b0000000000101010001001010010101010101010101010101010101010101010 
	Parameter INIT bound to: 1'b0 
	Parameter INIT bound to: 64'b0000000000101010001001010010101010101010101010101010101010101010 
	Parameter INIT bound to: 1'b0 
	Parameter INIT bound to: 64'b0000000000101010001001010010101010101010101010101010101010101010 
	Parameter INIT bound to: 1'b0 
	Parameter INIT bound to: 64'b0000000000101010001001010010101010101010101010101010101010101010 
	Parameter INIT bound to: 64'b1111111100000000111100001111000011001100110011001010101010101010 
	Parameter INIT bound to: 64'b1111111100000000111100001111000011001100110011001010101010101010 
	Parameter INIT bound to: 64'b0110100101101001011011101000101011001100110011000000000000000000 
	Parameter INIT bound to: 1'b0 
	Parameter INIT bound to: 1'b0 
	Parameter INIT bound to: 64'b1011111110111100100011111000110010110011101100001000001110000000 
	Parameter INIT bound to: 64'b1111111100000000111100001111000011001100110011001010101010101010 
	Parameter INIT bound to: 64'b1111111100000000111100001111000011001100110011001010101010101010 
	Parameter INIT bound to: 1'b0 
	Parameter INIT_A bound to: 64'b0000000000000000000000000000000000000000000000000000000000000000 
	Parameter INIT_B bound to: 64'b0000000000000000000000000000000000000000000000000000000000000000 
	Parameter INIT_C bound to: 64'b0000000000000000000000000000000000000000000000000000000000000000 
	Parameter INIT_D bound to: 64'b0000000000000000000000000000000000000000000000000000000000000000 
	Parameter IS_WCLK_INVERTED bound to: 1'b0 
	Parameter INIT bound to: 64'b0110100101101001011011101000101011001100110011000000000000000000 
	Parameter INIT bound to: 1'b0 
	Parameter INIT bound to: 1'b0 
	Parameter INIT bound to: 64'b1111111100000000111100001111000011001100110011001010101010101010 
	Parameter INIT bound to: 1'b0 
	Parameter INIT bound to: 64'b1111111100000000111100001111000011001100110011001010101010101010 
	Parameter INIT bound to: 64'b1111111100000000111100001111000011001100110011001010101010101010 
	Parameter INIT bound to: 64'b0110100101101001011011101000101011001100110011000000000000000000 
	Parameter INIT bound to: 1'b0 
	Parameter INIT bound to: 1'b0 
	Parameter INIT bound to: 64'b1111111100000000111100001111000011001100110011001010101010101010 
	Parameter INIT bound to: 64'b1111111100000000111100001111000011001100110011001010101010101010 
	Parameter INIT bound to: 1'b0 
	Parameter INIT bound to: 64'b0110100101101001011011101000101011001100110011000000000000000000 
	Parameter INIT bound to: 1'b0 
	Parameter INIT bound to: 1'b0 
	Parameter INIT bound to: 64'b1111111100000000111100001111000011001100110011001010101010101010 
	Parameter INIT bound to: 1'b0 
	Parameter INIT bound to: 64'b1111111100000000111100001111000011001100110011001010101010101010 
	Parameter INIT bound to: 64'b1111111100000000111100001111000011001100110011001010101010101010 
	Parameter INIT bound to: 64'b0110100101101001011011101000101011001100110011000000000000000000 
	Parameter INIT bound to: 1'b0 
	Parameter INIT bound to: 1'b0 
	Parameter INIT bound to: 64'b1111111100000000111100001111000011001100110011001010101010101010 
	Parameter INIT bound to: 64'b1111111100000000111100001111000011001100110011001010101010101010 
	Parameter INIT bound to: 1'b0 
	Parameter INIT_A bound to: 64'b0000000000000000000000000000000000000000000000000000000000000000 
	Parameter INIT_B bound to: 64'b0000000000000000000000000000000000000000000000000000000000000000 
	Parameter INIT_C bound to: 64'b0000000000000000000000000000000000000000000000000000000000000000 
	Parameter INIT_D bound to: 64'b0000000000000000000000000000000000000000000000000000000000000000 
	Parameter IS_WCLK_INVERTED bound to: 1'b0 
	Parameter INIT bound to: 64'b0110100101101001011011101000101011001100110011000000000000000000 
	Parameter INIT bound to: 1'b0 
	Parameter INIT bound to: 1'b0 
	Parameter INIT bound to: 64'b1111111100000000111100001111000011001100110011001010101010101010 
	Parameter INIT bound to: 1'b0 
	Parameter INIT bound to: 64'b1111111100000000111100001111000011001100110011001010101010101010 
	Parameter INIT bound to: 64'b1111111100000000111100001111000011001100110011001010101010101010 
	Parameter INIT bound to: 64'b0110100101101001011011101000101011001100110011000000000000000000 
	Parameter INIT bound to: 1'b0 
	Parameter INIT bound to: 1'b0 
	Parameter INIT bound to: 64'b1111111100000000111100001111000011001100110011001010101010101010 
	Parameter INIT bound to: 64'b1111111100000000111100001111000011001100110011001010101010101010 
	Parameter INIT bound to: 1'b0 
	Parameter INIT bound to: 64'b0110100101101001011011101000101011001100110011000000000000000000 
	Parameter INIT bound to: 1'b0 
	Parameter INIT bound to: 1'b0 
	Parameter INIT bound to: 64'b1111111100000000111100001111000011001100110011001010101010101010 
	Parameter INIT bound to: 1'b0 
	Parameter INIT_A bound to: 64'b0000000000000000000000000000000000000000000000000000000000000000 
	Parameter INIT_B bound to: 64'b0000000000000000000000000000000000000000000000000000000000000000 
	Parameter INIT_C bound to: 64'b0000000000000000000000000000000000000000000000000000000000000000 
	Parameter INIT_D bound to: 64'b0000000000000000000000000000000000000000000000000000000000000000 
	Parameter IS_WCLK_INVERTED bound to: 1'b0 
	Parameter INIT_A bound to: 64'b0000000000000000000000000000000000000000000000000000000000000000 
	Parameter INIT_B bound to: 64'b0000000000000000000000000000000000000000000000000000000000000000 
	Parameter INIT_C bound to: 64'b0000000000000000000000000000000000000000000000000000000000000000 
	Parameter INIT_D bound to: 64'b0000000000000000000000000000000000000000000000000000000000000000 
	Parameter IS_WCLK_INVERTED bound to: 1'b0 
INFO: [Synth 8-256] done synthesizing module 'kcpsm6' (1#1) [/media/2TB_Crucial_SSD/repos/school/year_4_sem_2/VLSI/group/practical_1_v3/practical_1_v3.srcs/sources_1/imports/practical_1_v3/kcpsm6.vhd:106]
	Parameter C_FAMILY bound to: 7S - type: string 
	Parameter C_RAM_SIZE_KWORDS bound to: 1 - type: integer 
	Parameter C_JTAG_LOADER_ENABLE bound to: 0 - type: integer 
INFO: [Synth 8-3491] module 'code' declared at '/media/2TB_Crucial_SSD/repos/school/year_4_sem_2/VLSI/group/practical_1_v3/code.vhd:135' bound to instance 'program_rom' of component 'code' [/media/2TB_Crucial_SSD/repos/school/year_4_sem_2/VLSI/group/practical_1_v3/practical_1_v3.srcs/sources_1/new/main.vhd:128]
INFO: [Synth 8-638] synthesizing module 'code' [/media/2TB_Crucial_SSD/repos/school/year_4_sem_2/VLSI/group/practical_1_v3/code.vhd:146]
	Parameter C_FAMILY bound to: 7S - type: string 
	Parameter C_RAM_SIZE_KWORDS bound to: 1 - type: integer 
	Parameter C_JTAG_LOADER_ENABLE bound to: 0 - type: integer 
	Parameter DOA_REG bound to: 0 - type: integer 
	Parameter DOB_REG bound to: 0 - type: integer 
	Parameter INITP_00 bound to: 256'b0000000000000000000000000000000000000000000000000000000000000000000000000000000000000000000000000000000000000000000000000000000000000000000000000000000000000000000000000000000000100111000001110000011100000111000010001001110000011100000111000001110000101000 
	Parameter INITP_01 bound to: 256'b0000000000000000000000000000000000000000000000000000000000000000000000000000000000000000000000000000000000000000000000000000000000000000000000000000000000000000000000000000000000000000000000000000000000000000000000000000000000000000000000000000000000000000 
	Parameter INITP_02 bound to: 256'b0000000000000000000000000000000000000000000000000000000000000000000000000000000000000000000000000000000000000000000000000000000000000000000000000000000000000000000000000000000000000000000000000000000000000000000000000000000000000000000000000000000000000000 
	Parameter INITP_03 bound to: 256'b0000000000000000000000000000000000000000000000000000000000000000000000000000000000000000000000000000000000000000000000000000000000000000000000000000000000000000000000000000000000000000000000000000000000000000000000000000000000000000000000000000000000000000 
	Parameter INITP_04 bound to: 256'b0000000000000000000000000000000000000000000000000000000000000000000000000000000000000000000000000000000000000000000000000000000000000000000000000000000000000000000000000000000000000000000000000000000000000000000000000000000000000000000000000000000000000000 
	Parameter INITP_05 bound to: 256'b0000000000000000000000000000000000000000000000000000000000000000000000000000000000000000000000000000000000000000000000000000000000000000000000000000000000000000000000000000000000000000000000000000000000000000000000000000000000000000000000000000000000000000 
	Parameter INITP_06 bound to: 256'b0000000000000000000000000000000000000000000000000000000000000000000000000000000000000000000000000000000000000000000000000000000000000000000000000000000000000000000000000000000000000000000000000000000000000000000000000000000000000000000000000000000000000000 
	Parameter INITP_07 bound to: 256'b0000000000000000000000000000000000000000000000000000000000000000000000000000000000000000000000000000000000000000000000000000000000000000000000000000000000000000000000000000000000000000000000000000000000000000000000000000000000000000000000000000000000000000 
	Parameter INIT_00 bound to: 256'b0001001100000110100100100000000101100000000010001101001000000000000100101000010010010001000000010110000000000100110100010000000000010001111110101001000000000001011000000001010011010000000000000001000011111010001000000000000011010100000000000001010000000001 
	Parameter INIT_01 bound to: 256'b1101001000000000000100101000010010010001000000010110000000010111110100010000000000010001111110101001000000000001011000000000000011010000000000000001000011111010110101000000000000010100000000010010000000010000100100110000000101100000000011001101001100000000 
	Parameter INIT_02 bound to: 256'b0000000000000000000000000000000000000000000000000000000000000000000000000000000000000000000000000000000000000000000000000000000000000000000000000010000000100011100100110000000101100000000111111101001100000000000100110000001010010010000000010110000000011011 
	Parameter INIT_03 bound to: 256'b0000000000000000000000000000000000000000000000000000000000000000000000000000000000000000000000000000000000000000000000000000000000000000000000000000000000000000000000000000000000000000000000000000000000000000000000000000000000000000000000000000000000000000 
	Parameter INIT_04 bound to: 256'b0000000000000000000000000000000000000000000000000000000000000000000000000000000000000000000000000000000000000000000000000000000000000000000000000000000000000000000000000000000000000000000000000000000000000000000000000000000000000000000000000000000000000000 
	Parameter INIT_05 bound to: 256'b0000000000000000000000000000000000000000000000000000000000000000000000000000000000000000000000000000000000000000000000000000000000000000000000000000000000000000000000000000000000000000000000000000000000000000000000000000000000000000000000000000000000000000 
	Parameter INIT_06 bound to: 256'b0000000000000000000000000000000000000000000000000000000000000000000000000000000000000000000000000000000000000000000000000000000000000000000000000000000000000000000000000000000000000000000000000000000000000000000000000000000000000000000000000000000000000000 
	Parameter INIT_07 bound to: 256'b0000000000000000000000000000000000000000000000000000000000000000000000000000000000000000000000000000000000000000000000000000000000000000000000000000000000000000000000000000000000000000000000000000000000000000000000000000000000000000000000000000000000000000 
	Parameter INIT_08 bound to: 256'b0000000000000000000000000000000000000000000000000000000000000000000000000000000000000000000000000000000000000000000000000000000000000000000000000000000000000000000000000000000000000000000000000000000000000000000000000000000000000000000000000000000000000000 
	Parameter INIT_09 bound to: 256'b0000000000000000000000000000000000000000000000000000000000000000000000000000000000000000000000000000000000000000000000000000000000000000000000000000000000000000000000000000000000000000000000000000000000000000000000000000000000000000000000000000000000000000 
	Parameter INIT_0A bound to: 256'b0000000000000000000000000000000000000000000000000000000000000000000000000000000000000000000000000000000000000000000000000000000000000000000000000000000000000000000000000000000000000000000000000000000000000000000000000000000000000000000000000000000000000000 
	Parameter INIT_0B bound to: 256'b0000000000000000000000000000000000000000000000000000000000000000000000000000000000000000000000000000000000000000000000000000000000000000000000000000000000000000000000000000000000000000000000000000000000000000000000000000000000000000000000000000000000000000 
	Parameter INIT_0C bound to: 256'b0000000000000000000000000000000000000000000000000000000000000000000000000000000000000000000000000000000000000000000000000000000000000000000000000000000000000000000000000000000000000000000000000000000000000000000000000000000000000000000000000000000000000000 
	Parameter INIT_0D bound to: 256'b0000000000000000000000000000000000000000000000000000000000000000000000000000000000000000000000000000000000000000000000000000000000000000000000000000000000000000000000000000000000000000000000000000000000000000000000000000000000000000000000000000000000000000 
	Parameter INIT_0E bound to: 256'b0000000000000000000000000000000000000000000000000000000000000000000000000000000000000000000000000000000000000000000000000000000000000000000000000000000000000000000000000000000000000000000000000000000000000000000000000000000000000000000000000000000000000000 
	Parameter INIT_0F bound to: 256'b0000000000000000000000000000000000000000000000000000000000000000000000000000000000000000000000000000000000000000000000000000000000000000000000000000000000000000000000000000000000000000000000000000000000000000000000000000000000000000000000000000000000000000 
	Parameter INIT_10 bound to: 256'b0000000000000000000000000000000000000000000000000000000000000000000000000000000000000000000000000000000000000000000000000000000000000000000000000000000000000000000000000000000000000000000000000000000000000000000000000000000000000000000000000000000000000000 
	Parameter INIT_11 bound to: 256'b0000000000000000000000000000000000000000000000000000000000000000000000000000000000000000000000000000000000000000000000000000000000000000000000000000000000000000000000000000000000000000000000000000000000000000000000000000000000000000000000000000000000000000 
	Parameter INIT_12 bound to: 256'b0000000000000000000000000000000000000000000000000000000000000000000000000000000000000000000000000000000000000000000000000000000000000000000000000000000000000000000000000000000000000000000000000000000000000000000000000000000000000000000000000000000000000000 
	Parameter INIT_13 bound to: 256'b0000000000000000000000000000000000000000000000000000000000000000000000000000000000000000000000000000000000000000000000000000000000000000000000000000000000000000000000000000000000000000000000000000000000000000000000000000000000000000000000000000000000000000 
	Parameter INIT_14 bound to: 256'b0000000000000000000000000000000000000000000000000000000000000000000000000000000000000000000000000000000000000000000000000000000000000000000000000000000000000000000000000000000000000000000000000000000000000000000000000000000000000000000000000000000000000000 
	Parameter INIT_15 bound to: 256'b0000000000000000000000000000000000000000000000000000000000000000000000000000000000000000000000000000000000000000000000000000000000000000000000000000000000000000000000000000000000000000000000000000000000000000000000000000000000000000000000000000000000000000 
	Parameter INIT_16 bound to: 256'b0000000000000000000000000000000000000000000000000000000000000000000000000000000000000000000000000000000000000000000000000000000000000000000000000000000000000000000000000000000000000000000000000000000000000000000000000000000000000000000000000000000000000000 
	Parameter INIT_17 bound to: 256'b0000000000000000000000000000000000000000000000000000000000000000000000000000000000000000000000000000000000000000000000000000000000000000000000000000000000000000000000000000000000000000000000000000000000000000000000000000000000000000000000000000000000000000 
	Parameter INIT_18 bound to: 256'b0000000000000000000000000000000000000000000000000000000000000000000000000000000000000000000000000000000000000000000000000000000000000000000000000000000000000000000000000000000000000000000000000000000000000000000000000000000000000000000000000000000000000000 
	Parameter INIT_19 bound to: 256'b0000000000000000000000000000000000000000000000000000000000000000000000000000000000000000000000000000000000000000000000000000000000000000000000000000000000000000000000000000000000000000000000000000000000000000000000000000000000000000000000000000000000000000 
	Parameter INIT_1A bound to: 256'b0000000000000000000000000000000000000000000000000000000000000000000000000000000000000000000000000000000000000000000000000000000000000000000000000000000000000000000000000000000000000000000000000000000000000000000000000000000000000000000000000000000000000000 
	Parameter INIT_1B bound to: 256'b0000000000000000000000000000000000000000000000000000000000000000000000000000000000000000000000000000000000000000000000000000000000000000000000000000000000000000000000000000000000000000000000000000000000000000000000000000000000000000000000000000000000000000 
	Parameter INIT_1C bound to: 256'b0000000000000000000000000000000000000000000000000000000000000000000000000000000000000000000000000000000000000000000000000000000000000000000000000000000000000000000000000000000000000000000000000000000000000000000000000000000000000000000000000000000000000000 
	Parameter INIT_1D bound to: 256'b0000000000000000000000000000000000000000000000000000000000000000000000000000000000000000000000000000000000000000000000000000000000000000000000000000000000000000000000000000000000000000000000000000000000000000000000000000000000000000000000000000000000000000 
	Parameter INIT_1E bound to: 256'b0000000000000000000000000000000000000000000000000000000000000000000000000000000000000000000000000000000000000000000000000000000000000000000000000000000000000000000000000000000000000000000000000000000000000000000000000000000000000000000000000000000000000000 
	Parameter INIT_1F bound to: 256'b0000000000000000000000000000000000000000000000000000000000000000000000000000000000000000000000000000000000000000000000000000000000000000000000000000000000000000000000000000000000000000000000000000000000000000000000000000000000000000000000000000000000000000 
	Parameter INIT_20 bound to: 256'b0000000000000000000000000000000000000000000000000000000000000000000000000000000000000000000000000000000000000000000000000000000000000000000000000000000000000000000000000000000000000000000000000000000000000000000000000000000000000000000000000000000000000000 
	Parameter INIT_21 bound to: 256'b0000000000000000000000000000000000000000000000000000000000000000000000000000000000000000000000000000000000000000000000000000000000000000000000000000000000000000000000000000000000000000000000000000000000000000000000000000000000000000000000000000000000000000 
	Parameter INIT_22 bound to: 256'b0000000000000000000000000000000000000000000000000000000000000000000000000000000000000000000000000000000000000000000000000000000000000000000000000000000000000000000000000000000000000000000000000000000000000000000000000000000000000000000000000000000000000000 
	Parameter INIT_23 bound to: 256'b0000000000000000000000000000000000000000000000000000000000000000000000000000000000000000000000000000000000000000000000000000000000000000000000000000000000000000000000000000000000000000000000000000000000000000000000000000000000000000000000000000000000000000 
	Parameter INIT_24 bound to: 256'b0000000000000000000000000000000000000000000000000000000000000000000000000000000000000000000000000000000000000000000000000000000000000000000000000000000000000000000000000000000000000000000000000000000000000000000000000000000000000000000000000000000000000000 
	Parameter INIT_25 bound to: 256'b0000000000000000000000000000000000000000000000000000000000000000000000000000000000000000000000000000000000000000000000000000000000000000000000000000000000000000000000000000000000000000000000000000000000000000000000000000000000000000000000000000000000000000 
	Parameter INIT_26 bound to: 256'b0000000000000000000000000000000000000000000000000000000000000000000000000000000000000000000000000000000000000000000000000000000000000000000000000000000000000000000000000000000000000000000000000000000000000000000000000000000000000000000000000000000000000000 
	Parameter INIT_27 bound to: 256'b0000000000000000000000000000000000000000000000000000000000000000000000000000000000000000000000000000000000000000000000000000000000000000000000000000000000000000000000000000000000000000000000000000000000000000000000000000000000000000000000000000000000000000 
	Parameter INIT_28 bound to: 256'b0000000000000000000000000000000000000000000000000000000000000000000000000000000000000000000000000000000000000000000000000000000000000000000000000000000000000000000000000000000000000000000000000000000000000000000000000000000000000000000000000000000000000000 
	Parameter INIT_29 bound to: 256'b0000000000000000000000000000000000000000000000000000000000000000000000000000000000000000000000000000000000000000000000000000000000000000000000000000000000000000000000000000000000000000000000000000000000000000000000000000000000000000000000000000000000000000 
	Parameter INIT_2A bound to: 256'b0000000000000000000000000000000000000000000000000000000000000000000000000000000000000000000000000000000000000000000000000000000000000000000000000000000000000000000000000000000000000000000000000000000000000000000000000000000000000000000000000000000000000000 
	Parameter INIT_2B bound to: 256'b0000000000000000000000000000000000000000000000000000000000000000000000000000000000000000000000000000000000000000000000000000000000000000000000000000000000000000000000000000000000000000000000000000000000000000000000000000000000000000000000000000000000000000 
	Parameter INIT_2C bound to: 256'b0000000000000000000000000000000000000000000000000000000000000000000000000000000000000000000000000000000000000000000000000000000000000000000000000000000000000000000000000000000000000000000000000000000000000000000000000000000000000000000000000000000000000000 
	Parameter INIT_2D bound to: 256'b0000000000000000000000000000000000000000000000000000000000000000000000000000000000000000000000000000000000000000000000000000000000000000000000000000000000000000000000000000000000000000000000000000000000000000000000000000000000000000000000000000000000000000 
	Parameter INIT_2E bound to: 256'b0000000000000000000000000000000000000000000000000000000000000000000000000000000000000000000000000000000000000000000000000000000000000000000000000000000000000000000000000000000000000000000000000000000000000000000000000000000000000000000000000000000000000000 
	Parameter INIT_2F bound to: 256'b0000000000000000000000000000000000000000000000000000000000000000000000000000000000000000000000000000000000000000000000000000000000000000000000000000000000000000000000000000000000000000000000000000000000000000000000000000000000000000000000000000000000000000 
	Parameter INIT_30 bound to: 256'b0000000000000000000000000000000000000000000000000000000000000000000000000000000000000000000000000000000000000000000000000000000000000000000000000000000000000000000000000000000000000000000000000000000000000000000000000000000000000000000000000000000000000000 
	Parameter INIT_31 bound to: 256'b0000000000000000000000000000000000000000000000000000000000000000000000000000000000000000000000000000000000000000000000000000000000000000000000000000000000000000000000000000000000000000000000000000000000000000000000000000000000000000000000000000000000000000 
	Parameter INIT_32 bound to: 256'b0000000000000000000000000000000000000000000000000000000000000000000000000000000000000000000000000000000000000000000000000000000000000000000000000000000000000000000000000000000000000000000000000000000000000000000000000000000000000000000000000000000000000000 
	Parameter INIT_33 bound to: 256'b0000000000000000000000000000000000000000000000000000000000000000000000000000000000000000000000000000000000000000000000000000000000000000000000000000000000000000000000000000000000000000000000000000000000000000000000000000000000000000000000000000000000000000 
	Parameter INIT_34 bound to: 256'b0000000000000000000000000000000000000000000000000000000000000000000000000000000000000000000000000000000000000000000000000000000000000000000000000000000000000000000000000000000000000000000000000000000000000000000000000000000000000000000000000000000000000000 
	Parameter INIT_35 bound to: 256'b0000000000000000000000000000000000000000000000000000000000000000000000000000000000000000000000000000000000000000000000000000000000000000000000000000000000000000000000000000000000000000000000000000000000000000000000000000000000000000000000000000000000000000 
	Parameter INIT_36 bound to: 256'b0000000000000000000000000000000000000000000000000000000000000000000000000000000000000000000000000000000000000000000000000000000000000000000000000000000000000000000000000000000000000000000000000000000000000000000000000000000000000000000000000000000000000000 
	Parameter INIT_37 bound to: 256'b0000000000000000000000000000000000000000000000000000000000000000000000000000000000000000000000000000000000000000000000000000000000000000000000000000000000000000000000000000000000000000000000000000000000000000000000000000000000000000000000000000000000000000 
	Parameter INIT_38 bound to: 256'b0000000000000000000000000000000000000000000000000000000000000000000000000000000000000000000000000000000000000000000000000000000000000000000000000000000000000000000000000000000000000000000000000000000000000000000000000000000000000000000000000000000000000000 
	Parameter INIT_39 bound to: 256'b0000000000000000000000000000000000000000000000000000000000000000000000000000000000000000000000000000000000000000000000000000000000000000000000000000000000000000000000000000000000000000000000000000000000000000000000000000000000000000000000000000000000000000 
	Parameter INIT_3A bound to: 256'b0000000000000000000000000000000000000000000000000000000000000000000000000000000000000000000000000000000000000000000000000000000000000000000000000000000000000000000000000000000000000000000000000000000000000000000000000000000000000000000000000000000000000000 
	Parameter INIT_3B bound to: 256'b0000000000000000000000000000000000000000000000000000000000000000000000000000000000000000000000000000000000000000000000000000000000000000000000000000000000000000000000000000000000000000000000000000000000000000000000000000000000000000000000000000000000000000 
	Parameter INIT_3C bound to: 256'b0000000000000000000000000000000000000000000000000000000000000000000000000000000000000000000000000000000000000000000000000000000000000000000000000000000000000000000000000000000000000000000000000000000000000000000000000000000000000000000000000000000000000000 
	Parameter INIT_3D bound to: 256'b0000000000000000000000000000000000000000000000000000000000000000000000000000000000000000000000000000000000000000000000000000000000000000000000000000000000000000000000000000000000000000000000000000000000000000000000000000000000000000000000000000000000000000 
	Parameter INIT_3E bound to: 256'b0000000000000000000000000000000000000000000000000000000000000000000000000000000000000000000000000000000000000000000000000000000000000000000000000000000000000000000000000000000000000000000000000000000000000000000000000000000000000000000000000000000000000000 
	Parameter INIT_3F bound to: 256'b0000000000000000000000000000000000000000000000000000000000000000000000000000000000000000000000000000000000000000000000000000000000000000000000000000000000000000000000000000000000000000000000000000000000000000000000000000000000000000000000000000000000000000 
	Parameter INIT_A bound to: 18'b000000000000000000 
	Parameter INIT_B bound to: 72'b000000000000000000000000000000000000000000000000000000000000000000000000 
	Parameter INIT_FILE bound to: NONE - type: string 
	Parameter IS_CLKARDCLK_INVERTED bound to: 1'b0 
	Parameter IS_CLKBWRCLK_INVERTED bound to: 1'b0 
	Parameter IS_ENARDEN_INVERTED bound to: 1'b0 
	Parameter IS_ENBWREN_INVERTED bound to: 1'b0 
	Parameter IS_RSTRAMARSTRAM_INVERTED bound to: 1'b0 
	Parameter IS_RSTRAMB_INVERTED bound to: 1'b0 
	Parameter IS_RSTREGARSTREG_INVERTED bound to: 1'b0 
	Parameter IS_RSTREGB_INVERTED bound to: 1'b0 
	Parameter RAM_MODE bound to: TDP - type: string 
	Parameter RDADDR_COLLISION_HWCONFIG bound to: DELAYED_WRITE - type: string 
	Parameter READ_WIDTH_A bound to: 18 - type: integer 
	Parameter READ_WIDTH_B bound to: 18 - type: integer 
	Parameter RSTREG_PRIORITY_A bound to: REGCE - type: string 
	Parameter RSTREG_PRIORITY_B bound to: REGCE - type: string 
	Parameter SIM_COLLISION_CHECK bound to: ALL - type: string 
	Parameter SIM_DEVICE bound to: 7SERIES - type: string 
	Parameter SRVAL_A bound to: 72'b000000000000000000000000000000000000000000000000000000000000000000000000 
	Parameter SRVAL_B bound to: 72'b000000000000000000000000000000000000000000000000000000000000000000000000 
	Parameter WRITE_MODE_A bound to: WRITE_FIRST - type: string 
	Parameter WRITE_MODE_B bound to: WRITE_FIRST - type: string 
	Parameter WRITE_WIDTH_A bound to: 18 - type: integer 
	Parameter WRITE_WIDTH_B bound to: 18 - type: integer 
INFO: [Synth 8-256] done synthesizing module 'code' (2#1) [/media/2TB_Crucial_SSD/repos/school/year_4_sem_2/VLSI/group/practical_1_v3/code.vhd:146]
INFO: [Synth 8-256] done synthesizing module 'main' (3#1) [/media/2TB_Crucial_SSD/repos/school/year_4_sem_2/VLSI/group/practical_1_v3/practical_1_v3.srcs/sources_1/new/main.vhd:42]
---------------------------------------------------------------------------------
Finished RTL Elaboration : Time (s): cpu = 00:00:05 ; elapsed = 00:00:06 . Memory (MB): peak = 2291.340 ; gain = 0.000 ; free physical = 7532 ; free virtual = 43766
---------------------------------------------------------------------------------
---------------------------------------------------------------------------------
Start Handling Custom Attributes
---------------------------------------------------------------------------------
---------------------------------------------------------------------------------
Finished Handling Custom Attributes : Time (s): cpu = 00:00:05 ; elapsed = 00:00:07 . Memory (MB): peak = 2291.340 ; gain = 0.000 ; free physical = 7525 ; free virtual = 43763
---------------------------------------------------------------------------------
---------------------------------------------------------------------------------
Finished RTL Optimization Phase 1 : Time (s): cpu = 00:00:05 ; elapsed = 00:00:07 . Memory (MB): peak = 2291.340 ; gain = 0.000 ; free physical = 7525 ; free virtual = 43763
---------------------------------------------------------------------------------
Netlist sorting complete. Time (s): cpu = 00:00:00 ; elapsed = 00:00:00 . Memory (MB): peak = 2291.340 ; gain = 0.000 ; free physical = 7523 ; free virtual = 43761
INFO: [Netlist 29-17] Analyzing 181 Unisim elements for replacement
INFO: [Netlist 29-28] Unisim Transformation completed in 0 CPU seconds
INFO: [Project 1-570] Preparing netlist for logic optimization

Processing XDC Constraints
Initializing timing engine
Parsing XDC File [/media/2TB_Crucial_SSD/repos/school/year_4_sem_2/VLSI/group/practical_1_v3/practical_1_v3.srcs/constrs_1/imports/group/basys3.xdc]
Finished Parsing XDC File [/media/2TB_Crucial_SSD/repos/school/year_4_sem_2/VLSI/group/practical_1_v3/practical_1_v3.srcs/constrs_1/imports/group/basys3.xdc]
INFO: [Project 1-236] Implementation specific constraints were found while reading constraint file [/media/2TB_Crucial_SSD/repos/school/year_4_sem_2/VLSI/group/practical_1_v3/practical_1_v3.srcs/constrs_1/imports/group/basys3.xdc]. These constraints will be ignored for synthesis but will be used in implementation. Impacted constraints are listed in the file [.Xil/main_propImpl.xdc].
Resolution: To avoid this warning, move constraints listed in [.Xil/main_propImpl.xdc] to another XDC file and exclude this new file from synthesis with the used_in_synthesis property (File Properties dialog in GUI) and re-run elaboration/synthesis.
Completed Processing XDC Constraints

Netlist sorting complete. Time (s): cpu = 00:00:00 ; elapsed = 00:00:00 . Memory (MB): peak = 2355.199 ; gain = 0.000 ; free physical = 7424 ; free virtual = 43677
INFO: [Project 1-111] Unisim Transformation Summary:
  A total of 124 instances were transformed.
  FD => FDRE: 48 instances
  FDR => FDRE: 20 instances
  LUT6_2 => LUT6_2 (LUT5, LUT6): 50 instances
  RAM32M => RAM32M (RAMD32(x6), RAMS32(x2)): 4 instances
  RAM64M => RAM64M (RAMD64E(x4)): 2 instances

Constraint Validation Runtime : Time (s): cpu = 00:00:00 ; elapsed = 00:00:00.01 . Memory (MB): peak = 2355.199 ; gain = 0.000 ; free physical = 7424 ; free virtual = 43677
---------------------------------------------------------------------------------
Finished Constraint Validation : Time (s): cpu = 00:00:10 ; elapsed = 00:00:13 . Memory (MB): peak = 2355.199 ; gain = 63.859 ; free physical = 7478 ; free virtual = 43733
---------------------------------------------------------------------------------
---------------------------------------------------------------------------------
Start Loading Part and Timing Information
---------------------------------------------------------------------------------
Loading part: xc7a35ticpg236-1L
---------------------------------------------------------------------------------
Finished Loading Part and Timing Information : Time (s): cpu = 00:00:10 ; elapsed = 00:00:13 . Memory (MB): peak = 2355.199 ; gain = 63.859 ; free physical = 7478 ; free virtual = 43733
---------------------------------------------------------------------------------
---------------------------------------------------------------------------------
Start Applying 'set_property' XDC Constraints
---------------------------------------------------------------------------------
---------------------------------------------------------------------------------
Finished applying 'set_property' XDC Constraints : Time (s): cpu = 00:00:10 ; elapsed = 00:00:13 . Memory (MB): peak = 2355.199 ; gain = 63.859 ; free physical = 7478 ; free virtual = 43733
---------------------------------------------------------------------------------
---------------------------------------------------------------------------------
Finished RTL Optimization Phase 2 : Time (s): cpu = 00:00:11 ; elapsed = 00:00:13 . Memory (MB): peak = 2355.199 ; gain = 63.859 ; free physical = 7472 ; free virtual = 43734
---------------------------------------------------------------------------------
---------------------------------------------------------------------------------
Start RTL Component Statistics 
---------------------------------------------------------------------------------
Detailed RTL Component Info : 
---------------------------------------------------------------------------------
Finished RTL Component Statistics 
---------------------------------------------------------------------------------
---------------------------------------------------------------------------------
Start Part Resource Summary
---------------------------------------------------------------------------------
Part Resources:
DSPs: 90 (col length:60)
BRAMs: 100 (col length: RAMB18 60 RAMB36 30)
---------------------------------------------------------------------------------
Finished Part Resource Summary
---------------------------------------------------------------------------------
---------------------------------------------------------------------------------
Start Cross Boundary and Area Optimization
---------------------------------------------------------------------------------
---------------------------------------------------------------------------------
Finished Cross Boundary and Area Optimization : Time (s): cpu = 00:00:11 ; elapsed = 00:00:14 . Memory (MB): peak = 2355.199 ; gain = 63.859 ; free physical = 7468 ; free virtual = 43737
---------------------------------------------------------------------------------
---------------------------------------------------------------------------------
Start Applying XDC Timing Constraints
---------------------------------------------------------------------------------
---------------------------------------------------------------------------------
Finished Applying XDC Timing Constraints : Time (s): cpu = 00:00:17 ; elapsed = 00:00:19 . Memory (MB): peak = 2355.199 ; gain = 63.859 ; free physical = 7363 ; free virtual = 43639
---------------------------------------------------------------------------------
---------------------------------------------------------------------------------
Start Timing Optimization
---------------------------------------------------------------------------------
---------------------------------------------------------------------------------
Finished Timing Optimization : Time (s): cpu = 00:00:17 ; elapsed = 00:00:19 . Memory (MB): peak = 2355.199 ; gain = 63.859 ; free physical = 7363 ; free virtual = 43639
---------------------------------------------------------------------------------
---------------------------------------------------------------------------------
Start Technology Mapping
---------------------------------------------------------------------------------
---------------------------------------------------------------------------------
Finished Technology Mapping : Time (s): cpu = 00:00:17 ; elapsed = 00:00:19 . Memory (MB): peak = 2355.199 ; gain = 63.859 ; free physical = 7355 ; free virtual = 43632
---------------------------------------------------------------------------------
---------------------------------------------------------------------------------
Start IO Insertion
---------------------------------------------------------------------------------
---------------------------------------------------------------------------------
Start Flattening Before IO Insertion
---------------------------------------------------------------------------------
---------------------------------------------------------------------------------
Finished Flattening Before IO Insertion
---------------------------------------------------------------------------------
---------------------------------------------------------------------------------
Start Final Netlist Cleanup
---------------------------------------------------------------------------------
---------------------------------------------------------------------------------
Finished Final Netlist Cleanup
---------------------------------------------------------------------------------
---------------------------------------------------------------------------------
Finished IO Insertion : Time (s): cpu = 00:00:19 ; elapsed = 00:00:22 . Memory (MB): peak = 2355.199 ; gain = 63.859 ; free physical = 7350 ; free virtual = 43626
---------------------------------------------------------------------------------
---------------------------------------------------------------------------------
Start Renaming Generated Instances
---------------------------------------------------------------------------------
---------------------------------------------------------------------------------
Finished Renaming Generated Instances : Time (s): cpu = 00:00:19 ; elapsed = 00:00:22 . Memory (MB): peak = 2355.199 ; gain = 63.859 ; free physical = 7350 ; free virtual = 43626
---------------------------------------------------------------------------------
---------------------------------------------------------------------------------
Start Rebuilding User Hierarchy
---------------------------------------------------------------------------------
---------------------------------------------------------------------------------
Finished Rebuilding User Hierarchy : Time (s): cpu = 00:00:19 ; elapsed = 00:00:22 . Memory (MB): peak = 2355.199 ; gain = 63.859 ; free physical = 7350 ; free virtual = 43626
---------------------------------------------------------------------------------
---------------------------------------------------------------------------------
Start Renaming Generated Ports
---------------------------------------------------------------------------------
---------------------------------------------------------------------------------
Finished Renaming Generated Ports : Time (s): cpu = 00:00:19 ; elapsed = 00:00:22 . Memory (MB): peak = 2355.199 ; gain = 63.859 ; free physical = 7350 ; free virtual = 43627
---------------------------------------------------------------------------------
---------------------------------------------------------------------------------
Start Handling Custom Attributes
---------------------------------------------------------------------------------
---------------------------------------------------------------------------------
Finished Handling Custom Attributes : Time (s): cpu = 00:00:19 ; elapsed = 00:00:22 . Memory (MB): peak = 2355.199 ; gain = 63.859 ; free physical = 7350 ; free virtual = 43627
---------------------------------------------------------------------------------
---------------------------------------------------------------------------------
Start Renaming Generated Nets
---------------------------------------------------------------------------------
---------------------------------------------------------------------------------
Finished Renaming Generated Nets : Time (s): cpu = 00:00:19 ; elapsed = 00:00:22 . Memory (MB): peak = 2355.199 ; gain = 63.859 ; free physical = 7350 ; free virtual = 43627
---------------------------------------------------------------------------------
---------------------------------------------------------------------------------
Start Writing Synthesis Report
---------------------------------------------------------------------------------

Report BlackBoxes: 
+-+--------------+----------+
| |BlackBox name |Instances |
+-+--------------+----------+
+-+--------------+----------+

Report Cell Usage: 
+------+-----+------+
|      |Cell |Count |
+------+-----+------+
|1     |OBUF |     2|
+------+-----+------+
---------------------------------------------------------------------------------
Finished Writing Synthesis Report : Time (s): cpu = 00:00:19 ; elapsed = 00:00:22 . Memory (MB): peak = 2355.199 ; gain = 63.859 ; free physical = 7350 ; free virtual = 43627
---------------------------------------------------------------------------------
Synthesis finished with 0 errors, 0 critical warnings and 0 warnings.
Synthesis Optimization Runtime : Time (s): cpu = 00:00:18 ; elapsed = 00:00:20 . Memory (MB): peak = 2355.199 ; gain = 0.000 ; free physical = 7404 ; free virtual = 43681
Synthesis Optimization Complete : Time (s): cpu = 00:00:19 ; elapsed = 00:00:22 . Memory (MB): peak = 2355.199 ; gain = 63.859 ; free physical = 7404 ; free virtual = 43681
INFO: [Project 1-571] Translating synthesized netlist
Netlist sorting complete. Time (s): cpu = 00:00:00 ; elapsed = 00:00:00 . Memory (MB): peak = 2355.199 ; gain = 0.000 ; free physical = 7398 ; free virtual = 43676
INFO: [Project 1-570] Preparing netlist for logic optimization
INFO: [Opt 31-138] Pushed 0 inverter(s) to 0 load pin(s).
Netlist sorting complete. Time (s): cpu = 00:00:00 ; elapsed = 00:00:00 . Memory (MB): peak = 2355.199 ; gain = 0.000 ; free physical = 7440 ; free virtual = 43721
INFO: [Project 1-111] Unisim Transformation Summary:
No Unisim elements were transformed.

INFO: [Common 17-83] Releasing license: Synthesis
124 Infos, 0 Warnings, 0 Critical Warnings and 0 Errors encountered.
synth_design completed successfully
synth_design: Time (s): cpu = 00:00:28 ; elapsed = 00:00:26 . Memory (MB): peak = 2355.199 ; gain = 64.031 ; free physical = 7570 ; free virtual = 43850
INFO: [Common 17-1381] The checkpoint '/media/2TB_Crucial_SSD/repos/school/year_4_sem_2/VLSI/group/practical_1_v3/practical_1_v3.runs/synth_1/main.dcp' has been generated.
INFO: [runtcl-4] Executing : report_utilization -file main_utilization_synth.rpt -pb main_utilization_synth.pb
INFO: [Common 17-206] Exiting Vivado at Fri Feb 24 14:04:23 2023...
